{
  "stats": {
    "suites": 4,
    "tests": 15,
    "passes": 15,
    "pending": 0,
    "failures": 0,
    "start": "2018-10-15T01:51:13.697Z",
    "end": "2018-10-15T01:51:13.921Z",
    "duration": 224,
    "testsRegistered": 15,
    "passPercent": 100,
    "pendingPercent": 0,
    "other": 0,
    "hasOther": false,
    "skipped": 0,
    "hasSkipped": false,
    "passPercentClass": "success",
    "pendingPercentClass": "danger"
  },
  "suites": {
    "uuid": "0597f2c3-d4bf-49ba-b118-c87d4cbdb0ac",
    "title": "",
    "fullFile": "",
    "file": "",
    "beforeHooks": [],
    "afterHooks": [],
    "tests": [],
    "suites": [
      {
        "uuid": "66d15017-391b-404e-9bf8-4ed37b1f4afc",
        "title": "category api 相关测试",
        "fullFile": "I:\\project\\node\\todolist\\test\\routes.r.category.test.js",
        "file": "\\test\\routes.r.category.test.js",
        "beforeHooks": [],
        "afterHooks": [],
        "tests": [
          {
            "title": "登录",
            "fullTitle": "category api 相关测试 登录",
            "timedOut": false,
            "duration": 69,
            "state": "passed",
            "speed": "medium",
            "pass": true,
            "fail": false,
            "pending": false,
            "code": "let body = {\n    email: '11@qq.com',\n    password: '123123'\n}\nrequest(url)\n    .post('/v1/users/login')\n    .send(body)\n    .set('Accept', 'application/json')\n    .expect('Content-Type', /json/)\n    .expect(200)\n    .end(function (err, res) {\n        if(err) return done(err);\n        userCookie = res.headers['set-cookie'];\n        done();\n    });",
            "err": {},
            "isRoot": false,
            "uuid": "b4db472d-7e94-4215-90f9-5f0b02c56583",
            "isHook": false,
            "skipped": false
          },
          {
            "title": "获取category",
            "fullTitle": "category api 相关测试 获取category",
            "timedOut": false,
            "duration": 9,
            "state": "passed",
            "speed": "fast",
            "pass": true,
            "fail": false,
            "pending": false,
            "code": "request(url)\n    .get('/v1/category?user_id=11')\n    .set('Cookie', userCookie)\n    .set('Accept', 'application/json')\n    .expect('Content-Type', /json/)\n    .expect(200)\n    .end(function (err, res) {\n        if (err) return done(err);\n        assert.equal(res.body.code, 0);\n        done();\n    });",
            "err": {},
            "isRoot": false,
            "uuid": "de2194e8-b03b-495f-9bba-3ce3f7db9fee",
            "isHook": false,
            "skipped": false
          },
          {
            "title": "新增category",
            "fullTitle": "category api 相关测试 新增category",
            "timedOut": false,
            "duration": 10,
            "state": "passed",
            "speed": "fast",
            "pass": true,
            "fail": false,
            "pending": false,
            "code": "let body = {\n    name: '测试类别',\n    user_id: '11'\n}\nrequest(url)\n    .post('/v1/category')\n    .set('Cookie', userCookie)\n    .send(body)\n    .expect(200)\n    .expect('Content-Type', /json/)\n    .end(function (err, res) {\n        if (err) return done(err);\n        assert.equal(res.body.code, 0);\n        add_id = res.body.data.id;\n        // assert.equal(res.body.msg, '邮箱已注册');\n        done();\n    });",
            "err": {},
            "isRoot": false,
            "uuid": "0bb073d7-47dd-479d-b3c5-9000c9416e8b",
            "isHook": false,
            "skipped": false
          },
          {
            "title": "修改category",
            "fullTitle": "category api 相关测试 修改category",
            "timedOut": false,
            "duration": 8,
            "state": "passed",
            "speed": "fast",
            "pass": true,
            "fail": false,
            "pending": false,
            "code": "let body = {\n    id: add_id,\n    name: '修改后类别'\n}\nrequest(url)\n    .put('/v1/category')\n    .set('Cookie', userCookie)\n    .send(body)\n    .expect(200)\n    .expect('Content-Type', /json/)\n    .end(function (err, res) {\n        if (err) return done(err);\n        assert.equal(res.body.code, 0);\n        done();\n    });",
            "err": {},
            "isRoot": false,
            "uuid": "e2e08747-8c5f-439b-b5ad-fc074bfe2c27",
            "isHook": false,
            "skipped": false
          },
          {
            "title": "删除category",
            "fullTitle": "category api 相关测试 删除category",
            "timedOut": false,
            "duration": 9,
            "state": "passed",
            "speed": "fast",
            "pass": true,
            "fail": false,
            "pending": false,
            "code": "let body = {\n    id: add_id\n}\nrequest(url)\n    .delete('/v1/category')\n    .set('Cookie', userCookie)\n    .send(body)\n    .expect(200)\n    .expect('Content-Type', /json/)\n    .end(function (err, res) {\n        if (err) return done(err);\n        assert.equal(res.body.code, 0);\n        done();\n    });",
            "err": {},
            "isRoot": false,
            "uuid": "ea0bf363-ffc9-46f6-97e1-88e55b051cf5",
            "isHook": false,
            "skipped": false
          }
        ],
        "suites": [],
        "passes": [
          "b4db472d-7e94-4215-90f9-5f0b02c56583",
          "de2194e8-b03b-495f-9bba-3ce3f7db9fee",
          "0bb073d7-47dd-479d-b3c5-9000c9416e8b",
          "e2e08747-8c5f-439b-b5ad-fc074bfe2c27",
          "ea0bf363-ffc9-46f6-97e1-88e55b051cf5"
        ],
        "failures": [],
        "pending": [],
        "skipped": [],
        "duration": 105,
        "root": false,
        "rootEmpty": false,
        "_timeout": 2000
      },
      {
        "uuid": "bed27590-8719-4a31-bb4b-c053126d2d3c",
        "title": "list api 相关测试",
        "fullFile": "I:\\project\\node\\todolist\\test\\routes.r.list.test.js",
        "file": "\\test\\routes.r.list.test.js",
        "beforeHooks": [],
        "afterHooks": [],
        "tests": [
          {
            "title": "登录",
            "fullTitle": "list api 相关测试 登录",
            "timedOut": false,
            "duration": 7,
            "state": "passed",
            "speed": "fast",
            "pass": true,
            "fail": false,
            "pending": false,
            "code": "let body = {\n    email: '11@qq.com',\n    password: '123123'\n}\nrequest(url)\n    .post('/v1/users/login')\n    .send(body)\n    .set('Accept', 'application/json')\n    .expect('Content-Type', /json/)\n    .expect(200)\n    .end(function (err, res) {\n        if(err) return done(err);\n        userCookie = res.headers['set-cookie'];\n        done();\n    });",
            "err": {},
            "isRoot": false,
            "uuid": "05e1dec7-118a-46c2-be29-9bffc3a976a8",
            "isHook": false,
            "skipped": false
          },
          {
            "title": "获取list",
            "fullTitle": "list api 相关测试 获取list",
            "timedOut": false,
            "duration": 14,
            "state": "passed",
            "speed": "fast",
            "pass": true,
            "fail": false,
            "pending": false,
            "code": "request(url)\n    .get('/v1/list/bydate?user_id=11&type=2&sort_type=1')\n    .set('Cookie', userCookie)\n    .set('Accept', 'application/json')\n    .expect('Content-Type', /json/)\n    .expect(200)\n    .end(function (err, res) {\n        if (err) return done(err);\n        assert.equal(res.body.code, 0);\n        // assert.equal(res.body.msg, '邮箱已注册');\n        done();\n    });",
            "err": {},
            "isRoot": false,
            "uuid": "8d93e5cf-2f10-42b9-bcfb-7f2252f55c05",
            "isHook": false,
            "skipped": false
          },
          {
            "title": "新增list",
            "fullTitle": "list api 相关测试 新增list",
            "timedOut": false,
            "duration": 8,
            "state": "passed",
            "speed": "fast",
            "pass": true,
            "fail": false,
            "pending": false,
            "code": "let body = {\n    title: '测试数据',\n    describe: '我是描述',\n    priority: 3,\n    date: '2018-10-10',\n    user_id: '11',\n    category_id: '6',\n}\nrequest(url)\n    .post('/v1/list')\n    .set('Cookie', userCookie)\n    .send(body)\n    .expect(200)\n    .expect('Content-Type', /json/)\n    .end(function (err, res) {\n        if (err) return done(err);\n        assert.equal(res.body.code, 0);\n        add_id = res.body.data.id;\n        // assert.equal(res.body.msg, '邮箱已注册');\n        done();\n    });",
            "err": {},
            "isRoot": false,
            "uuid": "a2aa0652-a6de-4eaf-b08d-6906a60d6eb7",
            "isHook": false,
            "skipped": false
          },
          {
            "title": "修改list",
            "fullTitle": "list api 相关测试 修改list",
            "timedOut": false,
            "duration": 9,
            "state": "passed",
            "speed": "fast",
            "pass": true,
            "fail": false,
            "pending": false,
            "code": "let body = {\n    id: add_id,\n    title: '测试数据',\n    describe: '我是修改',\n    priority: 3,\n    date: '2018-10-10',\n    user_id: '11',\n    category_id: '6',\n    state: '1',\n    is_deleted: '0',\n}\nrequest(url)\n    .put('/v1/list')\n    .set('Cookie', userCookie)\n    .send(body)\n    .expect(200)\n    .expect('Content-Type', /json/)\n    .end(function (err, res) {\n        if (err) return done(err);\n        assert.equal(res.body.code, 0);\n        done();\n    });",
            "err": {},
            "isRoot": false,
            "uuid": "b32b43d5-dd64-407e-ab46-948593911c68",
            "isHook": false,
            "skipped": false
          },
          {
            "title": "删除list",
            "fullTitle": "list api 相关测试 删除list",
            "timedOut": false,
            "duration": 7,
            "state": "passed",
            "speed": "fast",
            "pass": true,
            "fail": false,
            "pending": false,
            "code": "let body = {\n    id: add_id\n}\nrequest(url)\n    .delete('/v1/list')\n    .set('Cookie', userCookie)\n    .send(body)\n    .expect(200)\n    .expect('Content-Type', /json/)\n    .end(function (err, res) {\n        if (err) return done(err);\n        assert.equal(res.body.code, 0);\n        done();\n    });",
            "err": {},
            "isRoot": false,
            "uuid": "f094a810-951d-4032-a7a9-f6d838a5dd07",
            "isHook": false,
            "skipped": false
          }
        ],
        "suites": [],
        "passes": [
          "05e1dec7-118a-46c2-be29-9bffc3a976a8",
          "8d93e5cf-2f10-42b9-bcfb-7f2252f55c05",
          "a2aa0652-a6de-4eaf-b08d-6906a60d6eb7",
          "b32b43d5-dd64-407e-ab46-948593911c68",
          "f094a810-951d-4032-a7a9-f6d838a5dd07"
        ],
        "failures": [],
        "pending": [],
        "skipped": [],
        "duration": 45,
        "root": false,
        "rootEmpty": false,
        "_timeout": 2000
      },
      {
        "uuid": "e2c6a297-5007-4679-8100-a6e2f0b4c50c",
        "title": "user api 相关测试",
        "fullFile": "I:\\project\\node\\todolist\\test\\routes.r.users.test.js",
        "file": "\\test\\routes.r.users.test.js",
        "beforeHooks": [],
        "afterHooks": [],
        "tests": [
          {
            "title": "登录",
            "fullTitle": "user api 相关测试 登录",
            "timedOut": false,
            "duration": 10,
            "state": "passed",
            "speed": "fast",
            "pass": true,
            "fail": false,
            "pending": false,
            "code": "let body = {\n    email: '11@qq.com',\n    password: '123123'\n}\nrequest(url)\n    .post('/v1/users/login')\n    .send(body)\n    .set('Accept', 'application/json')\n    .expect('Content-Type', /json/)\n    .expect(200)\n    .end(function (err, res) {\n        if(err) return done(err);\n        assert.equal(res.body.code, 0);\n        done();\n    });",
            "err": {},
            "isRoot": false,
            "uuid": "1f749092-6fc4-458e-a889-343d432987d7",
            "isHook": false,
            "skipped": false
          },
          {
            "title": "登出",
            "fullTitle": "user api 相关测试 登出",
            "timedOut": false,
            "duration": 6,
            "state": "passed",
            "speed": "fast",
            "pass": true,
            "fail": false,
            "pending": false,
            "code": "request(url)\n    .get('/v1/users/logout')\n    .set('Accept', 'application/json')\n    .expect('Content-Type', /json/)\n    // .end(function (err, res) {\n    //     if (err) return done(err);\n    // })\n    .expect(200, done);",
            "err": {},
            "isRoot": false,
            "uuid": "9e6aba61-f88f-404f-afaa-06b57703607e",
            "isHook": false,
            "skipped": false
          },
          {
            "title": "注册",
            "fullTitle": "user api 相关测试 注册",
            "timedOut": false,
            "duration": 6,
            "state": "passed",
            "speed": "fast",
            "pass": true,
            "fail": false,
            "pending": false,
            "code": "let body = {\n    name: 'fdj',\n    password: '123123',\n    email: '11@qq.com',\n}\nrequest(url)\n    .post('/v1/users')\n    .send(body)\n    .expect(200)\n    .expect('Content-Type', /json/)\n    .end(function(err, res) {\n        if (err) return done(err);\n        assert.equal(res.body.code, 0);\n        // assert.equal(res.body.msg, '邮箱已注册');\n        done();\n    });",
            "err": {},
            "isRoot": false,
            "uuid": "dad7368c-f64b-4174-be6d-a16acc3736b5",
            "isHook": false,
            "skipped": false
          }
        ],
        "suites": [],
        "passes": [
          "1f749092-6fc4-458e-a889-343d432987d7",
          "9e6aba61-f88f-404f-afaa-06b57703607e",
          "dad7368c-f64b-4174-be6d-a16acc3736b5"
        ],
        "failures": [],
        "pending": [],
        "skipped": [],
        "duration": 22,
        "root": false,
        "rootEmpty": false,
        "_timeout": 2000
      },
      {
        "uuid": "5a246d20-1335-4b4a-bfcc-0654aad23474",
        "title": "密码“加盐” 相关测试",
        "fullFile": "I:\\project\\node\\todolist\\test\\tools.index.test.js",
        "file": "\\test\\tools.index.test.js",
        "beforeHooks": [],
        "afterHooks": [],
        "tests": [
          {
            "title": "随机盐 3位数字的字符串",
            "fullTitle": "密码“加盐” 相关测试 随机盐 3位数字的字符串",
            "timedOut": false,
            "duration": 2,
            "state": "passed",
            "speed": "fast",
            "pass": true,
            "fail": false,
            "pending": false,
            "code": "expect(typeof index.getRandomSalt()).to.be.equal('string');\nexpect((index.getRandomSalt() + '').split('').length).to.be.equal(3);\ndone();",
            "err": {},
            "isRoot": false,
            "uuid": "0bcb0018-dc17-4d55-9387-1a4d7697392d",
            "isHook": false,
            "skipped": false
          },
          {
            "title": "32位字符串",
            "fullTitle": "密码“加盐” 相关测试 32位字符串",
            "timedOut": false,
            "duration": 1,
            "state": "passed",
            "speed": "fast",
            "pass": true,
            "fail": false,
            "pending": false,
            "code": "expect(typeof index.cryptPwd('123', index.getRandomSalt())).to.be.equal('string');\nexpect(index.cryptPwd('123', index.getRandomSalt()).length).to.be.equal(32);\ndone();",
            "err": {},
            "isRoot": false,
            "uuid": "97aef6b5-fcd2-49e3-a4d9-2e0521439908",
            "isHook": false,
            "skipped": false
          }
        ],
        "suites": [],
        "passes": [
          "0bcb0018-dc17-4d55-9387-1a4d7697392d",
          "97aef6b5-fcd2-49e3-a4d9-2e0521439908"
        ],
        "failures": [],
        "pending": [],
        "skipped": [],
        "duration": 3,
        "root": false,
        "rootEmpty": false,
        "_timeout": 2000
      }
    ],
    "passes": [],
    "failures": [],
    "pending": [],
    "skipped": [],
    "duration": 0,
    "root": true,
    "rootEmpty": true,
    "_timeout": 2000
  },
  "copyrightYear": 2018
}